{"total": {"lines":{"total":120,"covered":116,"skipped":0,"pct":96.66},"statements":{"total":120,"covered":116,"skipped":0,"pct":96.66},"functions":{"total":8,"covered":7,"skipped":0,"pct":87.5},"branches":{"total":9,"covered":8,"skipped":0,"pct":88.88},"branchesTrue":{"total":0,"covered":0,"skipped":0,"pct":100}}
,"/home/cfry/work/sandbox/actions-example/src/App.tsx": {"lines":{"total":61,"covered":61,"skipped":0,"pct":100},"functions":{"total":4,"covered":4,"skipped":0,"pct":100},"statements":{"total":61,"covered":61,"skipped":0,"pct":100},"branches":{"total":5,"covered":5,"skipped":0,"pct":100}}
,"/home/cfry/work/sandbox/actions-example/src/components/button/index.tsx": {"lines":{"total":11,"covered":11,"skipped":0,"pct":100},"functions":{"total":1,"covered":1,"skipped":0,"pct":100},"statements":{"total":11,"covered":11,"skipped":0,"pct":100},"branches":{"total":1,"covered":1,"skipped":0,"pct":100}}
,"/home/cfry/work/sandbox/actions-example/src/components/input/index.tsx": {"lines":{"total":32,"covered":30,"skipped":0,"pct":93.75},"functions":{"total":2,"covered":2,"skipped":0,"pct":100},"statements":{"total":32,"covered":30,"skipped":0,"pct":93.75},"branches":{"total":3,"covered":2,"skipped":0,"pct":66.66}}
,"/home/cfry/work/sandbox/actions-example/src/reducers/sumSlice.ts": {"lines":{"total":16,"covered":14,"skipped":0,"pct":87.5},"functions":{"total":1,"covered":0,"skipped":0,"pct":0},"statements":{"total":16,"covered":14,"skipped":0,"pct":87.5},"branches":{"total":0,"covered":0,"skipped":0,"pct":100}}
}
